<?xml version="1.0" encoding="UTF-8"?>
<!-- Generated by org.testng.reporters.JUnitReportReporter -->
<testsuite hostname="LipsaP-ATC-BENG" failures="0" tests="1" name="com.ums.testcases.TC5_AdminLogin_Admission_VerifyCouseWiseApplication_ProgramSelection" time="46.236" errors="0" timestamp="2024-06-14T04:18:37 IST" skipped="0">
  <testcase classname="com.ums.testcases.TC5_AdminLogin_Admission_VerifyCouseWiseApplication_ProgramSelection" name="VerifyCourseSelection" time="46.236"/>
</testsuite> <!-- com.ums.testcases.TC5_AdminLogin_Admission_VerifyCouseWiseApplication_ProgramSelection -->
