<?xml version="1.0" encoding="UTF-8"?>
<!-- Generated by org.testng.reporters.JUnitReportReporter -->
<testsuite hostname="LipsaP-ATC-BENG" failures="0" tests="1" name="com.ums.testcases.TC4_AdminLogin_Admission_VerifyCouseWiseApplication_PaymentTest" time="92.222" errors="0" timestamp="2024-06-14T03:30:45 IST" skipped="0">
  <testcase classname="com.ums.testcases.TC4_AdminLogin_Admission_VerifyCouseWiseApplication_PaymentTest" name="VerifyPaymentFunctionality" time="92.222"/>
</testsuite> <!-- com.ums.testcases.TC4_AdminLogin_Admission_VerifyCouseWiseApplication_PaymentTest -->
