<?xml version="1.0" encoding="UTF-8"?>
<!-- Generated by org.testng.reporters.JUnitReportReporter -->
<testsuite hostname="LipsaP-ATC-BENG" failures="0" tests="2" name="com.ums.testcases.TC1_AdminLogin_Admission_VerifyCouseWiseApplicationTest" time="20.491" errors="0" timestamp="2024-06-12T15:39:57 IST" skipped="0">
  <testcase classname="com.ums.testcases.TC1_AdminLogin_Admission_VerifyCouseWiseApplicationTest" name="verifySearchPanel" time="10.209"/>
  <testcase classname="com.ums.testcases.TC1_AdminLogin_Admission_VerifyCouseWiseApplicationTest" name="verifyEditApplicationisClickable" time="10.282"/>
</testsuite> <!-- com.ums.testcases.TC1_AdminLogin_Admission_VerifyCouseWiseApplicationTest -->
