<?xml version="1.0" encoding="UTF-8"?>
<!-- Generated by org.testng.reporters.JUnitReportReporter -->
<testsuite hostname="LipsaP-ATC-BENG" failures="0" tests="3" name="com.ums.testcases.TC2_AdminLogin_Admission_CouseWiseApplication_DocumentVerificationTest" time="124.470" errors="0" timestamp="2024-06-14T15:27:23 IST" skipped="0">
  <testcase classname="com.ums.testcases.TC2_AdminLogin_Admission_CouseWiseApplication_DocumentVerificationTest" name="VerifyDocumentsAreUploaded" time="93.909"/>
  <testcase classname="com.ums.testcases.TC2_AdminLogin_Admission_CouseWiseApplication_DocumentVerificationTest" name="ViewAndVerifyUploadedDocuments" time="18.661"/>
  <testcase classname="com.ums.testcases.TC2_AdminLogin_Admission_CouseWiseApplication_DocumentVerificationTest" name="CheckDocumentVerificationStatus" time="11.900"/>
</testsuite> <!-- com.ums.testcases.TC2_AdminLogin_Admission_CouseWiseApplication_DocumentVerificationTest -->
