<?xml version="1.0" encoding="UTF-8"?>
<!-- Generated by org.testng.reporters.JUnitReportReporter -->
<testsuite hostname="LipsaP-ATC-BENG" failures="0" tests="3" name="com.ums.admission.testcases.TC1_VerifyAdminLoginAdmissionModuleCoursewiseApplication" time="776.000" errors="0" timestamp="2024-06-14T15:22:03 IST" skipped="0">
  <testcase classname="com.ums.admission.testcases.TC1_VerifyAdminLoginAdmissionModuleCoursewiseApplication" name="verifyDocumentsAreUploaded" time="751.420"/>
  <testcase classname="com.ums.admission.testcases.TC1_VerifyAdminLoginAdmissionModuleCoursewiseApplication" name="verifyEditApplicationisClickable" time="12.364"/>
  <testcase classname="com.ums.admission.testcases.TC1_VerifyAdminLoginAdmissionModuleCoursewiseApplication" name="verifySearchPanel" time="12.216"/>
</testsuite> <!-- com.ums.admission.testcases.TC1_VerifyAdminLoginAdmissionModuleCoursewiseApplication -->
