<?xml version="1.0" encoding="UTF-8"?>
<!-- Generated by org.testng.reporters.JUnitReportReporter -->
<testsuite hostname="LipsaP-ATC-BENG" failures="0" tests="1" name="com.ums.admission.testcases.DemoTest" time="21.408" errors="0" timestamp="2024-05-27T00:50:37 IST" skipped="0">
  <testcase classname="com.ums.admission.testcases.DemoTest" name="VerifyRegestationPage" time="21.408"/>
</testsuite> <!-- com.ums.admission.testcases.DemoTest -->
