<?xml version="1.0" encoding="UTF-8"?>
<!-- Generated by org.testng.reporters.JUnitReportReporter -->
<testsuite hostname="LipsaP-ATC-BENG" failures="0" tests="2" name="com.ums.admission.testcases.TC_AdminLogin_Admission_CousewiseApplicationTest" time="26.231" errors="0" timestamp="2024-06-04T18:40:17 IST" skipped="0">
  <testcase classname="com.ums.admission.testcases.TC_AdminLogin_Admission_CousewiseApplicationTest" name="VerifySearchApplicantWithApplicationNum" time="21.448"/>
  <testcase classname="com.ums.admission.testcases.TC_AdminLogin_Admission_CousewiseApplicationTest" name="VerifySearchApplicant2" time="4.783"/>
</testsuite> <!-- com.ums.admission.testcases.TC_AdminLogin_Admission_CousewiseApplicationTest -->
