<?xml version="1.0" encoding="UTF-8"?>
<!-- Generated by org.testng.reporters.JUnitReportReporter -->
<testsuite hostname="LipsaP-ATC-BENG" failures="0" tests="2" name="com.ums.testcases.TC1A_AplicantLogin_VerifyRegistrationSucessful" time="31.366" errors="0" timestamp="2024-06-14T16:29:26 IST" skipped="0">
  <testcase classname="com.ums.testcases.TC1A_AplicantLogin_VerifyRegistrationSucessful" name="VerifyNewApplicantRegistrationForm" time="28.479"/>
  <testcase classname="com.ums.testcases.TC1A_AplicantLogin_VerifyRegistrationSucessful" name="VerifyLoginFunctionalityAfterNewAplicantRegestration" time="2.887"/>
</testsuite> <!-- com.ums.testcases.TC1A_AplicantLogin_VerifyRegistrationSucessful -->
