<?xml version="1.0" encoding="UTF-8"?>
<!-- Generated by org.testng.reporters.JUnitReportReporter -->
<testsuite hostname="LipsaP-ATC-BENG" failures="0" tests="3" name="com.ums.testcases.TC2_demo" time="118.666" errors="0" timestamp="2024-06-13T03:56:26 IST" skipped="0">
  <testcase classname="com.ums.testcases.TC2_demo" name="verifyDocumentIsUploaded" time="90.956"/>
  <testcase classname="com.ums.testcases.TC2_demo" name="ViewAndVerifyUploadedDocuments" time="18.173"/>
  <testcase classname="com.ums.testcases.TC2_demo" name="CheckDocumentVerificationStatus" time="9.537"/>
</testsuite> <!-- com.ums.testcases.TC2_demo -->
