<?xml version="1.0" encoding="UTF-8"?>
<!-- Generated by org.testng.reporters.JUnitReportReporter -->
<testsuite hostname="LipsaP-ATC-BENG" failures="0" tests="1" name="DataDrivenTesting.DataDrivenTestingForReg" time="0.909" errors="0" timestamp="2024-05-26T18:57:20 IST" skipped="0">
  <testcase classname="DataDrivenTesting.DataDrivenTestingForReg" name="ReadExcel" time="0.909"/>
</testsuite> <!-- DataDrivenTesting.DataDrivenTestingForReg -->
