<?xml version="1.0" encoding="UTF-8"?>
<!-- Generated by org.testng.reporters.JUnitReportReporter -->
<testsuite hostname="LipsaP-ATC-BENG" failures="0" tests="1" name="com.ums.testcases.TC2_AdminLogin_Admission_VerifyCouseWiseApplicationTest" time="71.010" errors="0" timestamp="2024-06-12T16:43:15 IST" skipped="0">
  <testcase classname="com.ums.testcases.TC2_AdminLogin_Admission_VerifyCouseWiseApplicationTest" name="verifyPersonalInformationFields" time="71.010"/>
</testsuite> <!-- com.ums.testcases.TC2_AdminLogin_Admission_VerifyCouseWiseApplicationTest -->
