<?xml version="1.0" encoding="UTF-8"?>
<!-- Generated by org.testng.reporters.JUnitReportReporter -->
<testsuite hostname="LipsaP-ATC-BENG" failures="0" tests="2" name="com.ums.testcases.TC5_AdminLogin_Admission_VerifyCouseWiseApplication_EducationalDetails" time="10.096" errors="0" timestamp="2024-06-14T14:49:31 IST" skipped="1">
  <testcase classname="com.ums.testcases.TC5_AdminLogin_Admission_VerifyCouseWiseApplication_EducationalDetails" name="verifyEducationalDetails" time="10.096"/>
  <testcase classname="com.ums.testcases.TC5_AdminLogin_Admission_VerifyCouseWiseApplication_EducationalDetails" name="VerifySubjectIsAddedInEducationalDetails">
    <skipped/>
  </testcase> <!-- VerifySubjectIsAddedInEducationalDetails -->
</testsuite> <!-- com.ums.testcases.TC5_AdminLogin_Admission_VerifyCouseWiseApplication_EducationalDetails -->
