<?xml version="1.0" encoding="UTF-8"?>
<!-- Generated by org.testng.reporters.JUnitReportReporter -->
<testsuite hostname="LipsaP-ATC-BENG" failures="0" tests="4" name="com.ums.testcases.TC3_UMS_BasicDetailsPageTest" time="209.782" errors="0" timestamp="2024-06-20T03:48:58 IST" skipped="0">
  <testcase classname="com.ums.testcases.TC3_UMS_BasicDetailsPageTest" name="TC3C_UMS_BasicDetails_NonEditableFields" time="25.897"/>
  <testcase classname="com.ums.testcases.TC3_UMS_BasicDetailsPageTest" name="TC3D_UMS_BasicDetails_GeneralCategoryApplicant" time="56.094"/>
  <testcase classname="com.ums.testcases.TC3_UMS_BasicDetailsPageTest" name="TC3B_UMS_BasicDetails_NonMandatoryFields" time="57.152"/>
  <testcase classname="com.ums.testcases.TC3_UMS_BasicDetailsPageTest" name="TC3A_UMS_BasicDetails_MandatoryFields" time="70.639"/>
</testsuite> <!-- com.ums.testcases.TC3_UMS_BasicDetailsPageTest -->
